=================================================================================
 - hardware info
   + cpu name                    : 11th Gen Intel(R) Core(TM) i5-11300H @ 3.10GHz
   + sockets                     : 1
   + cores per socket            : 4
   + hyperthreading              : on
   + ht-units                    : 2
   + max cpuid level             : 27
   + max cpuid ext. level        : 8
   + numa nodes                  : 1
   + Numa Memory Info
     numa node     installed     available    (MByte)
       0                 0          1704
   + internal cpu info           : CPUID: selected engine is 'Leaf 0xB detection'
apic ids           : 0, 1, 2, 3, 4, 5, 6, 7
apic ids (fallback): 0, 1, 2, 3, 4, 5, 6, 7
from cpu registers: 0, 1, 2, 3, 4, 5, 6, 7
fallback: 0, 1, 2, 3, 4, 5, 6, 7
combined: 0, 1, 2, 3, 4, 5, 6, 7
max id per cpu: 16
SMT mask: 1
Core mask: e
Package mask: fffffff0
set results:
  - packages: 1
  - cores: 4
  - smts: 2
generate core map, new implementation
0, 1, 2, 3, 4, 5, 6, 7
packages: 1
cores   : 4
ht units: 2
 - pinning rule in use   : PINNING_RULE_MCALC_SKIP_ALL
 - desired group         : 0
 - num cores available   : 8
 - active core list from affinity: 
   + num accessible procs          : 8
   + num logical procs             : 8
   + current affinity (env)        : 0,1,2,3,4,5,6,7
   + sockets ids in                : 0
   + core list                  (1): 0,2,4,6
 - active cores          : 0,2,4,6
 - hyperthreading        : on
 - allowed core ids      : 0,2,4,6
 - allowed core ids (aff): 1010 1010 
 - used mask (string)    : 1010 1010 
=================================================================================

=========================================================================
Version: 2025.0 Release from 2024-08-30 (change 1315043) [Release]
Workflow: QQ-Facets
Operation: [acis, fpba, bg, connectivity-tree]
Architecture: Windows, ID: AMD64
System Windows-64bit
Using processor group 0/1
Matrix calculation information:
# of Nodes: 0
Concurrency: 0
Start ID: 0
Node ID: 0
HEX Mesh information:
Hex mesh: global: [hxr o(0 | 0 | 0) s(59 | 62 | 10) np (no TSTs): 36580] 
=========================================================================

>>>>>>>>>>>>>>>>>>>>>>>>>>>>>
Sun Sun Feb  1 18:43:54 2026
started: processing CAD model
>>>>>>>>>>>>>>>>>>>>>>>>>>>>>

========================================================================
Processing CAD model (for field results)
	[Improved internal geometry representation]
	[Accuracy improvement for long shapes in inhomogeneous mesh regions]
Version: 2025.0 Release from 2024-08-30 (change 1315043)
PBA version: default, 2.20240218
Model compatibility: 2025.20240830
Sub-Workflow: Facets-QQ-GEX
Workflow updated: -
Sun Sun Feb  1 18:43:54 2026
========================================================================

========================================================================
The maximum supported number of mesh cells without MPI is: 2,147,483,647
========================================================================

===========================================
Finished CAD processing (for field results)
===========================================

<<<<<<<<<<<<<<<<<<<<<<<<<<<<<<<<<<<<<<<<<<<<
Sun Sun Feb  1 18:43:55 2026
Resource usage for processing CAD model:
	Runtime                 00:00:00.00373 s
	Peak Memory Usage:               23 MB
<<<<<<<<<<<<<<<<<<<<<<<<<<<<<<<<<<<<<<<<<<<<

------------------------------------------------------------------------------------------------------------------------------
PBAMeshFeedback - InfoMap: 0[ms] - SBCell navigation: Using legacy edges - CornerCorrectionLinesAndWires: 0[ms] - Write: 0[ms]
------------------------------------------------------------------------------------------------------------------------------

Frontend-Node:  =======================================================================
                FPBA has been activated in order to calculate connectivity information.
                =======================================================================

>>>>>>>>>>>>>>>>>>>>>>>>>>>>>>>>
Sun Sun Feb  1 18:44:51 2026
started: parallelization control
>>>>>>>>>>>>>>>>>>>>>>>>>>>>>>>>

=================================================================================
 - hardware info
   + cpu name                    : 11th Gen Intel(R) Core(TM) i5-11300H @ 3.10GHz
   + sockets                     : 1
   + cores per socket            : 4
   + hyperthreading              : on
   + ht-units                    : 2
   + max cpuid level             : 27
   + max cpuid ext. level        : 8
   + numa nodes                  : 1
   + Numa Memory Info
     numa node     installed     available    (MByte)
       0                 0          1639
   + internal cpu info           : CPUID: selected engine is 'Leaf 0xB detection'
apic ids           : 0, 1, 2, 3, 4, 5, 6, 7
apic ids (fallback): 0, 1, 2, 3, 4, 5, 6, 7
from cpu registers: 0, 1, 2, 3, 4, 5, 6, 7
fallback: 0, 1, 2, 3, 4, 5, 6, 7
combined: 0, 1, 2, 3, 4, 5, 6, 7
max id per cpu: 16
SMT mask: 1
Core mask: e
Package mask: fffffff0
set results:
  - packages: 1
  - cores: 4
  - smts: 2
generate core map, new implementation
0, 1, 2, 3, 4, 5, 6, 7
packages: 1
cores   : 4
ht units: 2
 - pinning rule in use   : PINNING_RULE_MCALC_SKIP_ALL
 - desired group         : 0
 - num cores available   : 8
 - active core list from affinity: 
   + num accessible procs          : 8
   + num logical procs             : 8
   + current affinity (env)        : 0,1,2,3,4,5,6,7
   + sockets ids in                : 0
   + core list                  (1): 0,2,4,6
 - active cores          : 0,2,4,6
 - hyperthreading        : on
 - allowed core ids      : 0,2,4,6
 - allowed core ids (aff): 1010 1010 
 - used mask (string)    : 1010 1010 
=================================================================================

=========================================================================
Version: 2025.0 Release from 2024-08-30 (change 1315043) [Release]
Workflow: QQ-Facets
Operation: [acis, fpba, bg]
Architecture: Windows, ID: AMD64
System Windows-64bit
Using processor group 0/1
Matrix calculation information:
# of Nodes: 0
Concurrency: 0
Start ID: 0
Node ID: 0
HEX Mesh information:
Hex mesh: global: [hxr o(0 | 0 | 0) s(59 | 62 | 10) np (no TSTs): 36580] 
=========================================================================

>>>>>>>>>>>>>>>>>>>>>>>>>>>>>
Sun Sun Feb  1 18:44:51 2026
started: processing CAD model
>>>>>>>>>>>>>>>>>>>>>>>>>>>>>

========================================================================
Processing CAD model
	[Improved internal geometry representation]
	[Accuracy improvement for long shapes in inhomogeneous mesh regions]
Version: 2025.0 Release from 2024-08-30 (change 1315043)
PBA version: default, 2.20240218
Model compatibility: 2025.20240830
Sub-Workflow: Facets-QQ
Workflow updated: -
Sun Sun Feb  1 18:44:51 2026
========================================================================

----------------------------------------------
Used point accuracy enhancement value: 75.00%.
----------------------------------------------

=============================================================================
Mesh statistics:
-----------------------------------------------------------------------------
Minimum edge length (x): 0.11 @ mesh line 32 (x)
Maximum edge length (x): 1.02 @ mesh line 53 (x)
Minimum face area (x): 0.389 @ mesh lines 39 | 1 (y | z)
Maximum face area (x): 1.99 @ mesh lines 49 | 8 (y | z)
Minimum edge length (y): 0.488 @ mesh line 39 (y)
Maximum edge length (y): 1.03 @ mesh line 49 (y)
Minimum face area (y): 0.0878 @ mesh lines 1 | 32 (z | x)
Maximum face area (y): 1.96 @ mesh lines 8 | 53 (z | x)
Minimum edge length (z): 0.797 @ mesh line 1 (z)
Maximum edge length (z): 1.93 @ mesh line 8 (z)
Minimum face area (z): 0.0538 @ mesh lines 32 | 39 (x | y)
Maximum face area (z): 1.05 @ mesh lines 53 | 49 (x | y)
Maximum mesh face aspect ratio (x): 3.95 : 1.0  @ mesh lines 39 | 8 (y | z)
Maximum mesh face aspect ratio (y): 17.5 : 1.0  @ mesh lines 8 | 32 (z | x)
Maximum mesh face aspect ratio (z): 9.37 : 1.0  @ mesh lines 32 | 49 (x | y)
=============================================================================

=============================================================================
Available resources to store TST cells: 2147447067 (5870549.66% of mesh size)
=============================================================================

========================================================================
The maximum supported number of mesh cells without MPI is: 2,147,483,647
========================================================================

------------------------------------------------------------------------------------------------
Geometry processing log
	PEC background is represented by CAD geometry: false
	Background shape: added
	Multithread portion: 100.00
	Number of CAD shapes: 3
	Number of lumps: 0
------------------------------------------------------------------------------------------------
=========================================
== CST Matrix Calculation Priority Log ==
=========================================
Priorities are sorted in ascending order beginning with the lowest priority
 
Group | Shape-ID | ShapeName | Material | User-priority | 2D/3D-Geometry | Material-attributes | Shape-attributes | Feature-ID | Schemetype
1 | 6 | </cst/Boundaries/> Low^X | $NFSMaterial$ | n/a | no | normal.vacuum. | boundary. | n/a | FIT_TD
1 | 7 | </cst/Boundaries/> Low^Y | $NFSMaterial$ | n/a | no | normal.vacuum. | boundary. | n/a | FIT_TD
1 | 9 | </cst/Boundaries/> Up^X | $NFSMaterial$ | n/a | no | normal.vacuum. | boundary. | n/a | FIT_TD
1 | 10 | </cst/Boundaries/> Up^Y | $NFSMaterial$ | n/a | no | normal.vacuum. | boundary. | n/a | FIT_TD
1 | 11 | </cst/Boundaries/> Up^Z | $NFSMaterial$ | n/a | no | normal.vacuum. | boundary. | n/a | FIT_TD
2 | 8 | </cst/Boundaries/> Low^Z | Copper (pure) | n/a | no | pec.rho.surface-impedance. | boundary. | n/a | FIT_TD
3 | 4 | </cst/Lumped Elements/> Folder1:element1^t0 | Copper (pure) | n/a | no | pec.rho.surface-impedance. | edge-element.lumped-element.wire. | n/a | FIT_TD
3 | 5 | </cst/Lumped Elements/> Folder1:element1^t1 | Copper (pure) | n/a | no | pec.rho.surface-impedance. | edge-element.lumped-element.wire. | n/a | FIT_TD
4 | 3 | component1:substrate | Rogers RO4350B (lossy) | n/a | yes | dispersive-mue.normal. | solid. | n/a | FIT_TD
5 | 1 | component1:copper | Copper (pure) | n/a | yes | pec.rho.surface-impedance. | solid. | n/a | FIT_TD
5 | 2 | component1:ram2_1 | Copper (pure) | n/a | yes | pec.rho.surface-impedance. | solid. | n/a | FIT_TD
=========================================
************************************************************************************************
General settings
	PBA version: default, 2.20240218, potentials: not required
	Model compatibility: 2025.20240830
	Software version: 2025.0 Release from 2024-08-30 (change 1315043)
------------------------------------------------------------------------------------------------
Geometry processor: default
	Geo accuracy: 75.000000
	Watertightness check: true
	Self intersection check: false
	Inheritance (all): false
	Normal dominance (all): false
	Normal dominance (ports): false
	Flanges hollow: true
	One shape per flange: false
	Multi threading: true
		max # of threads used: 8
		requested max # of threads: 8
		representation: indexed
		method: multi thread
		retry: no
------------------------------------------------------------------------------------------------
CAD processing settings are set to default
------------------------------------------------------------------------------------------------
Connectivity settings
	Workflow selection: 0
	Workflow version: 20190101
	Gap detection: true
	Gap detection version: 2
	TST version: default, 2.20240218, potentials: not required
	QQ workflow: true
	CoCo workflow: true
	Legacy topology: false
	Connectivity check: true
------------------------------------------------------------------------------------------------
------------------------------------------------------------------------------------------------
CAD Processing Version Info
	ACIS version installed:	34.0.1
	ACIS version used:	34.0.1
------------------------------------------------------------------------------------------------
Success method:	multi-thread-22
************************************************************************************************

-------------------------------------------------------------------------------
TST aware field source monitor processing forced by environment variable: false
No TST aware field source monitors to be processed
-------------------------------------------------------------------------------

=======================
Finished CAD processing
=======================

<<<<<<<<<<<<<<<<<<<<<<<<<<<<<<<<<<<<<<<<<<<<
Sun Sun Feb  1 18:44:52 2026
Resource usage for processing CAD model:
	Runtime                 00:00:00.00286 s
	Peak Memory Usage:               21 MB
<<<<<<<<<<<<<<<<<<<<<<<<<<<<<<<<<<<<<<<<<<<<

------------------------------------------------------------
Parallelization Info
------------------------------------------------------------
Hyperthreading active: true
Hyperthreading used: false
Number of concurrent threads: 1
Number of concurrent threads using GPU: 0
Number of node domains: 1
Domains-to-threads scaling: 2
Average FI domain size: 9e+03
Nice mode: true
Delayed matrix calculation start: false
Load balancing: Version 20090403
Number of mesh fill domains: 4
Memory downscale: 1
Shared memory representation: read/write
CPU load: 25.00%
Emptiness: 0.00%
Hex mesh complexity: 0.03184
Geometric complexity: 0.01343
lower size limit of domain (1D): 60
------------------------------------------------------------
Node order
0
------------------------------------------------------------

------------------------------------------------------------------
Matrix calculation job submit section 0
Currently running jobs: 0
Waiting jobs: 1
Concurrency for section: 1/1
Memory physically installed: 8.36271 GB
Memory currently available: 1.69023 GB
Memory already used: 6.67249 GB
Matrix calculation @ 1xN-Node 0000
	Mesh coverage: 3184200.00 %
	Estimated peak memory usage per node: 70 MB, tightness: 4.12 %
	GPU acceleration: off
	Processor group: 0
Node distribution on 1 processor group: 1
------------------------------------------------------------------

===========================================
Data rearrangement statistics:
Disk IO directories:	00:00:00.0000
Disk IO node domain files:	00:00:00.0049
Disk IO FI domain files:	00:00:00.0000
Disk IO meta information:	00:00:00.0001
Sequential merge (TST):	00:00:00.0332
===========================================

1xN000:  ======================================
         [Boundaries] - MCalc
         open, open, open, open, electric, open
         ======================================

1xN000:  ========================================
         [Mesh] Matrix calculation - NO ACIS mode
         [Mesh] 1xN MPI or parallelization mode
         ========================================

1xN000:  =============================
         [Mesh] Expansion: 0 0 0 0 0 0
         =============================

1xN000:  =================================================================================
          - hardware info
            + cpu name                    : 11th Gen Intel(R) Core(TM) i5-11300H @ 3.10GHz
            + sockets                     : 1
            + cores per socket            : 4
            + hyperthreading              : on
            + ht-units                    : 2
            + max cpuid level             : 27
            + max cpuid ext. level        : 8
            + numa nodes                  : 1
            + Numa Memory Info
              numa node     installed     available    (MByte)
                0                 0          1610
            + internal cpu info           : CPUID: selected engine is 'Leaf 0xB detection'
         apic ids           : 0, 1, 2, 3, 4, 5, 6, 7
         apic ids (fallback): 0, 1, 2, 3, 4, 5, 6, 7
         from cpu registers: 0, 1, 2, 3, 4, 5, 6, 7
         fallback: 0, 1, 2, 3, 4, 5, 6, 7
         combined: 0, 1, 2, 3, 4, 5, 6, 7
         max id per cpu: 16
         SMT mask: 1
         Core mask: e
         Package mask: fffffff0
         set results:
           - packages: 1
           - cores: 4
           - smts: 2
         generate core map, new implementation
         0, 1, 2, 3, 4, 5, 6, 7
         packages: 1
         cores   : 4
         ht units: 2
          - pinning rule in use   : PINNING_RULE_MCALC_SKIP_ALL
          - desired group         : 0
          - num cores available   : 8
          - active core list from affinity:
            + num accessible procs          : 8
            + num logical procs             : 8
            + current affinity (env)        : 0,1,2,3,4,5,6,7
            + sockets ids in                : 0
            + core list                  (1): 0,1,2,3,4,5,6,7
          - active cores          : 0,1,2,3,4,5,6,7
          - hyperthreading        : on
          - skip pinning: + allowed number of sockets = available number of sockets
                          + hyperthreading allowed by solver
         =================================================================================

1xN000:  ===================================================================================================
         Version: 2025.0 Release from 2024-08-30 (change 1315043) [Release]
         Workflow: PBA matrix coefficients
         Operation: [fpba, meshfill, bg, port-path, tst, tst-nextgen, coeff, surface-imp, connectivity-tree]
         Architecture: Windows, ID: AMD64
         System Windows-64bit
         Using processor group 0/1
         Matrix calculation information:
         # of Nodes: 1
         Concurrency: 1
         Start ID: 0
         Node ID: 0
         HEX Mesh information:
         Hex mesh: global: [hxr o(0 | 0 | 0) s(59 | 62 | 10) np (no TSTs): 36580]
         ===================================================================================================

1xN000:  -----------------------------------------------------
         Memory status on node "1xN000" for matrix calculation
         	Estimated memory consumption: 0.0695685 GB
         	Physical memory installed: 8.36271 GB
         	Available physical memory: 1.70532 GB
         	Available relative memory: 20.3919 %
         -----------------------------------------------------

1xN000:  >>>>>>>>>>>>>>>>>>>>>>>>>>>>>>>>>>>>>>>>>>>>>>>>>
         Sun Sun Feb  1 18:44:53 2026
         started: calculating matrix coefficients per node
         >>>>>>>>>>>>>>>>>>>>>>>>>>>>>>>>>>>>>>>>>>>>>>>>>

1xN000:  ============================================================
         Matrix computation (PBA)
         	[Perfect Boundary Approximation (PBA), version: default]
         	[GPU acceleration: off (by user)]
         Version: 2025.0 Release from 2024-08-30 (change 1315043)
         PBA version: default, 2.20240218
         Model compatibility: 2025.20240830
         Sub-Workflow: FARM-1xN-TST2-Node
         Workflow updated: -
         Sun Sun Feb  1 18:44:53 2026
         ============================================================

1xN000:  ----------------------------------------------
         Used point accuracy enhancement value: 75.00%.
         ----------------------------------------------

1xN000:  -------------------------------------------------
         Geometry representation: shared-attached
         Shared memory: read-only
         FARM allocation scheme: PA
         Parallelization: on, used

1xN000:  Gap-Detection activated for FARM-topology. Gaps are resolved, even partially.: gap tolerance value is 0.001000 and mesh geometry scale is 0.001000
1xN000:
1xN000:



1xN000:  ----------------------
         Acceleration mode: CPU
         ----------------------

1xN000:  Port homogenization method: M2H point index deviation
1xN000:  cccccccccccccccccccccccccccccccccccccccccccccccccccccccccccccccccccc
         FARM/Meshfill cache is set to 8 (local FI domains: 4, dynamic: true)
         cccccccccccccccccccccccccccccccccccccccccccccccccccccccccccccccccccc

1xN000:  =============================================================
         Hex cell analyzer settings:
         	max number of E fields per mesh edge: 2
         	max number of H fields per mesh face: 4
         	supporting dual grid: false
         	performance improvement: ROI limit: true
         	performance improvement: ROI threshold: 2
         	performance improvement: single topology extraction: true
         	performance improvement: pre-categorize cell volume: true
         	periodic align: 0
         	periodic cells: true
         	homogenization version: pid
         =============================================================

1xN000:  -------------------
         TST Statistics:
         E Split (0 | 0 | 0)
         E Adapt (0 | 0 | 0)
         B Split (0 | 0 | 0)
         B Adapt (0 | 0 | 0)
         -------------------

1xN000:  -------------------------------------------------------------
         TST Version 2.20240218, tst tiny faces fix: on, TST1 BWC: off
         -------------------------------------------------------------

1xN000:  ssssssssssssssssssssssssssssssssssssssssss
         # of curls with SI accuracy enhancement: 0
         ssssssssssssssssssssssssssssssssssssssssss

1xN000:  ------------------------------------------------------------------------------
         PBA fill limit is applied in inverse mode.
         PBA fill limit is applied on faces filled with at least 99.00% metal material.
         --------------------------------------------------------------
         detailed accuracy settings:
         --------------------------------------------------------------
         augmented fill limit:       true
         augmented fill limit value: 99.00
         automatic fill limit:       true
         early fill limit:           true
         inverse fill limit:         true
         model complexity:           0.00
         legacy 2015:                false
         fixed point accuracy:       false
         minimum point accuracy:     0
         mesh step inheritance:      false
         accuracy mode:
         ------------------------------------------------------------------------------

1xN000:  --------------------------------------
         Glued 0 metal grid points in port area
         --------------------------------------

1xN000:  --------------------------------------
         Glued 0 metal grid points in port area
         --------------------------------------

1xN000:  --------------------------------------
         Glued 0 metal grid points in port area
         --------------------------------------

1xN000:  lumped edge element "Folder1:element1" is connected to metal material.
1xN000:  -----------------------------------------------------------------
         The following lumped edge element is connected to metal material:
         	Folder1:element1
         -----------------------------------------------------------------

1xN000:  -------------------------------------------------------------------------------
         TST aware field source monitor processing forced by environment variable: false
         No TST aware field source monitors to be processed
         -------------------------------------------------------------------------------

1xN000:  =================================
         Finished matrix computation (PBA)
         =================================

1xN000:  <<<<<<<<<<<<<<<<<<<<<<<<<<<<<<<<<<<<<<<<<<<<<<<<<<<<<<<<<<<<
         Sun Sun Feb  1 18:44:59 2026
         Resource usage for calculating matrix coefficients per node:
         	Runtime                          00:00:06.00943 s
         	Peak Memory Estimation:                   70 MB
         	Peak Memory Usage:                       124 MB
         <<<<<<<<<<<<<<<<<<<<<<<<<<<<<<<<<<<<<<<<<<<<<<<<<<<<<<<<<<<<



<<<<<<<<<<<<<<<<<<<<<<<<<<<<<<<<<<<<<<<<<<<<<<<<<
Sun Sun Feb  1 18:45:07 2026
Resource usage for parallelization control:
	Runtime                      00:00:15.00621 s
<<<<<<<<<<<<<<<<<<<<<<<<<<<<<<<<<<<<<<<<<<<<<<<<<

------------------------------------------------------------------------------------------------------------------------------
PBAMeshFeedback - InfoMap: 0[ms] - SBCell navigation: Using legacy edges - CornerCorrectionLinesAndWires: 0[ms] - Write: 0[ms]
ConnectivityAXG - Load: 2[ms] - Setup: 0[ms] - Convert: 63[ms] ( Groups: 3 - Shapes: 4 - Threads: 4 ) - Write: 7[ms]
ConnectivityAXG - Load: 2[ms] - Setup: 0[ms] - Convert: 63[ms] ( Groups: 3 - Shapes: 4 - Threads: 4 ) - Write: 7[ms]
------------------------------------------------------------------------------------------------------------------------------

--------------------------------
# of staircase filled cells: 0
# of staircase filled areas: 0
# of staircase filled edges: 0
# of faces above fill limit: 0
# of edges with FPBA topology: 0
--------------------------------

>2026-02-01 18:45:37.00124< Solver_HF_TD_AMD64 @ DESKTOP-QU38ICE:  !!!!!!!!!!!!!!!!!!!!!!!!!!!!!!!!!!!!!!!
                                                                   current system memory usage reached 80%
                                                                   !!!!!!!!!!!!!!!!!!!!!!!!!!!!!!!!!!!!!!!

--------------------------------
# of staircase filled cells: 0
# of staircase filled areas: 0
# of staircase filled edges: 0
# of faces above fill limit: 0
# of edges with FPBA topology: 0
--------------------------------

>2026-02-01 18:46:07.00560< Solver_HF_TD_AMD64 @ DESKTOP-QU38ICE:  !!!!!!!!!!!!!!!!!!!!!!!!!!!!!!!!!!!!!!!
                                                                   current system memory usage reached 80%
                                                                   !!!!!!!!!!!!!!!!!!!!!!!!!!!!!!!!!!!!!!!

--------------------------------
# of staircase filled cells: 0
# of staircase filled areas: 0
# of staircase filled edges: 0
# of faces above fill limit: 0
# of edges with FPBA topology: 0
--------------------------------

